oidc-provider WARNING: Unsupported Node.js runtime version. Use ^12.19.0, ^14.15.0, or ^16.13.0
2026-01-06T11:59:53.232Z [Components.js] [32minfo[39m: Initiating component discovery from /Users/mohamed.ragab/node_modules/@solid/community-server/
2026-01-06T11:59:53.345Z [Components.js] [32minfo[39m: Discovered 168 component packages within 604 packages
2026-01-06T11:59:53.345Z [Components.js] [32minfo[39m: Initiating component loading
2026-01-06T11:59:54.817Z [Components.js] [32minfo[39m: Registered 842 components
2026-01-06T11:59:54.817Z [Components.js] [32minfo[39m: Loaded configs
2026-01-06T11:59:55.091Z [ServerInitializer] {Primary} [32minfo[39m: Listening to server at http://localhost:3001/
Process is halting due to an uncaughtException with error listen EADDRINUSE: address already in use :::3001
node:events:486
      throw er; // Unhandled 'error' event
      ^

Error: listen EADDRINUSE: address already in use :::3001
    at Server.setupListenHandle [as _listen2] (node:net:1940:16)
    at listenInCluster (node:net:1997:12)
    at Server.listen (node:net:2102:7)
    at ServerInitializer.handle (/Users/mohamed.ragab/node_modules/@solid/community-server/dist/init/ServerInitializer.js:32:25)
    at async SequenceHandler.handle (/Users/mohamed.ragab/node_modules/@solid/community-server/dist/util/handlers/SequenceHandler.js:27:26)
    at async SequenceHandler.handle (/Users/mohamed.ragab/node_modules/@solid/community-server/dist/util/handlers/SequenceHandler.js:27:26)
    at async App.start (/Users/mohamed.ragab/node_modules/@solid/community-server/dist/init/App.js:17:9)
    at async AppRunner.runCli (/Users/mohamed.ragab/node_modules/@solid/community-server/dist/init/AppRunner.js:128:13)
Emitted 'error' event on Server instance at:
    at emitErrorNT (node:net:1976:8)
    at process.processTicksAndRejections (node:internal/process/task_queues:90:21) {
  code: 'EADDRINUSE',
  errno: -48,
  syscall: 'listen',
  address: '::',
  port: 3001
}

Node.js v24.7.0
